<?xml version="1.0" encoding="UTF-8"?>
<testng-results ignored="0" total="5" passed="5" failed="0" skipped="0">
  <reporter-output>
  </reporter-output>
  <suite started-at="2024-01-30T10:50:17 IST" name="Default suite" finished-at="2024-01-30T10:50:20 IST" duration-ms="2511">
    <groups>
    </groups>
    <test started-at="2024-01-30T10:50:17 IST" name="Default test" finished-at="2024-01-30T10:50:20 IST" duration-ms="2511">
      <class name="com.sgtesting.tests.pojo.UserScenarioByPojoAproach">
        <test-method signature="createUser()[pri:1, instance:com.sgtesting.tests.pojo.UserScenarioByPojoAproach@be35cd9]" started-at="2024-01-30T10:50:17 IST" name="createUser" finished-at="2024-01-30T10:50:19 IST" duration-ms="2109" status="PASS">
          <reporter-output>
          </reporter-output>
        </test-method> <!-- createUser -->
        <test-method signature="displayUser()[pri:2, instance:com.sgtesting.tests.pojo.UserScenarioByPojoAproach@be35cd9]" started-at="2024-01-30T10:50:19 IST" name="displayUser" finished-at="2024-01-30T10:50:19 IST" duration-ms="66" status="PASS">
          <reporter-output>
          </reporter-output>
        </test-method> <!-- displayUser -->
        <test-method signature="updateUserStateName()[pri:3, instance:com.sgtesting.tests.pojo.UserScenarioByPojoAproach@be35cd9]" started-at="2024-01-30T10:50:19 IST" name="updateUserStateName" finished-at="2024-01-30T10:50:19 IST" duration-ms="141" status="PASS">
          <reporter-output>
          </reporter-output>
        </test-method> <!-- updateUserStateName -->
        <test-method signature="displayAfterPatchUser()[pri:4, instance:com.sgtesting.tests.pojo.UserScenarioByPojoAproach@be35cd9]" started-at="2024-01-30T10:50:19 IST" name="displayAfterPatchUser" finished-at="2024-01-30T10:50:19 IST" duration-ms="32" status="PASS">
          <reporter-output>
          </reporter-output>
        </test-method> <!-- displayAfterPatchUser -->
        <test-method signature="deleteUser()[pri:5, instance:com.sgtesting.tests.pojo.UserScenarioByPojoAproach@be35cd9]" started-at="2024-01-30T10:50:19 IST" name="deleteUser" finished-at="2024-01-30T10:50:20 IST" duration-ms="112" status="PASS">
          <reporter-output>
          </reporter-output>
        </test-method> <!-- deleteUser -->
      </class> <!-- com.sgtesting.tests.pojo.UserScenarioByPojoAproach -->
    </test> <!-- Default test -->
  </suite> <!-- Default suite -->
</testng-results>
