<?xml version="1.0" encoding="UTF-8"?>
<!-- Generated by org.testng.reporters.JUnitXMLReporter -->
<testsuite ignored="0" hostname="DESKTOP-68BCR7S" failures="0" tests="5" name="Default test" time="2.511" errors="0" timestamp="2024-01-30T10:50:20 IST">
  <testcase classname="com.sgtesting.tests.pojo.UserScenarioByPojoAproach" name="createUser" time="2.109"/>
  <testcase classname="com.sgtesting.tests.pojo.UserScenarioByPojoAproach" name="displayUser" time="0.066"/>
  <testcase classname="com.sgtesting.tests.pojo.UserScenarioByPojoAproach" name="updateUserStateName" time="0.141"/>
  <testcase classname="com.sgtesting.tests.pojo.UserScenarioByPojoAproach" name="displayAfterPatchUser" time="0.032"/>
  <testcase classname="com.sgtesting.tests.pojo.UserScenarioByPojoAproach" name="deleteUser" time="0.112"/>
</testsuite> <!-- Default test -->
