<?xml version="1.0" encoding="UTF-8"?>
<!-- Generated by org.testng.reporters.JUnitXMLReporter -->
<testsuite ignored="0" hostname="LAPTOP-RERLQ593" failures="0" tests="5" name="Default test" time="2.993" errors="0" timestamp="2024-01-27T10:57:38 IST">
  <testcase classname="com.sginstitute.APIProject1.pojo.Assignment.CustomerScenario3" name="createCustomer" time="2.744"/>
  <testcase classname="com.sginstitute.APIProject1.pojo.Assignment.CustomerScenario3" name="displayCustomer" time="0.059"/>
  <testcase classname="com.sginstitute.APIProject1.pojo.Assignment.CustomerScenario3" name="UpdateCustomerPatch" time="0.052"/>
  <testcase classname="com.sginstitute.APIProject1.pojo.Assignment.CustomerScenario3" name="displayCustomerUponUpdate" time="0.038"/>
  <testcase classname="com.sginstitute.APIProject1.pojo.Assignment.CustomerScenario3" name="deleteCustomer" time="0.038"/>
</testsuite> <!-- Default test -->
