<?xml version="1.0" encoding="UTF-8"?>
<testng-results ignored="0" total="5" passed="5" failed="0" skipped="0">
  <reporter-output>
  </reporter-output>
  <suite started-at="2024-01-27T10:57:35 IST" name="Default suite" finished-at="2024-01-27T10:57:38 IST" duration-ms="2993">
    <groups>
    </groups>
    <test started-at="2024-01-27T10:57:35 IST" name="Default test" finished-at="2024-01-27T10:57:38 IST" duration-ms="2993">
      <class name="com.sginstitute.APIProject1.pojo.Assignment.CustomerScenario3">
        <test-method signature="createCustomer()[pri:1, instance:com.sginstitute.APIProject1.pojo.Assignment.CustomerScenario3@76c3e77a]" started-at="2024-01-27T10:57:36 IST" name="createCustomer" finished-at="2024-01-27T10:57:38 IST" duration-ms="2744" status="PASS">
          <reporter-output>
          </reporter-output>
        </test-method> <!-- createCustomer -->
        <test-method signature="displayCustomer()[pri:2, instance:com.sginstitute.APIProject1.pojo.Assignment.CustomerScenario3@76c3e77a]" started-at="2024-01-27T10:57:38 IST" name="displayCustomer" finished-at="2024-01-27T10:57:38 IST" duration-ms="59" status="PASS">
          <reporter-output>
          </reporter-output>
        </test-method> <!-- displayCustomer -->
        <test-method signature="UpdateCustomerPatch()[pri:3, instance:com.sginstitute.APIProject1.pojo.Assignment.CustomerScenario3@76c3e77a]" started-at="2024-01-27T10:57:38 IST" name="UpdateCustomerPatch" finished-at="2024-01-27T10:57:38 IST" duration-ms="52" status="PASS">
          <reporter-output>
          </reporter-output>
        </test-method> <!-- UpdateCustomerPatch -->
        <test-method signature="displayCustomerUponUpdate()[pri:4, instance:com.sginstitute.APIProject1.pojo.Assignment.CustomerScenario3@76c3e77a]" started-at="2024-01-27T10:57:38 IST" name="displayCustomerUponUpdate" finished-at="2024-01-27T10:57:38 IST" duration-ms="38" status="PASS">
          <reporter-output>
          </reporter-output>
        </test-method> <!-- displayCustomerUponUpdate -->
        <test-method signature="deleteCustomer()[pri:5, instance:com.sginstitute.APIProject1.pojo.Assignment.CustomerScenario3@76c3e77a]" started-at="2024-01-27T10:57:38 IST" name="deleteCustomer" finished-at="2024-01-27T10:57:38 IST" duration-ms="38" status="PASS">
          <reporter-output>
          </reporter-output>
        </test-method> <!-- deleteCustomer -->
      </class> <!-- com.sginstitute.APIProject1.pojo.Assignment.CustomerScenario3 -->
    </test> <!-- Default test -->
  </suite> <!-- Default suite -->
</testng-results>
